2003.08.15 11:22 B C:\Documents and Settings\Järjestelmänvalvoja\Työpöytä\pcuf\fphover.class --> ftp.pcuf.fi /u/users/jpl/public_html fphover.class
2003.08.15 11:22 B C:\Documents and Settings\Järjestelmänvalvoja\Työpöytä\pcuf\fphoverx.class --> ftp.pcuf.fi /u/users/jpl/public_html fphoverx.class
2003.08.15 11:22 B C:\Documents and Settings\Järjestelmänvalvoja\Työpöytä\pcuf\logo.gif --> ftp.pcuf.fi /u/users/jpl/public_html logo.gif
2003.08.15 11:22 B C:\Documents and Settings\Järjestelmänvalvoja\Työpöytä\pcuf\pcufkoti.htm --> ftp.pcuf.fi /u/users/jpl/public_html pcufkoti.htm
2003.08.15 12:30 B C:\Documents and Settings\Järjestelmänvalvoja\Työpöytä\pcuf\pcufkoti2.htm --> ftp.pcuf.fi /u/users/jpl pcufkoti2.htm
2003.08.15 12:31 B C:\Documents and Settings\Järjestelmänvalvoja\Työpöytä\pcuf\pcufkoti2.htm --> ftp.pcuf.fi /u/users/jpl/public_html pcufkoti2.htm
2003.08.16 20:07 B C:\Documents and Settings\Järjestelmänvalvoja\Työpöytä\pcuf\bottom.gif --> ftp.pcuf.fi /u/users/jpl/public_html/pcuf bottom.gif
2003.08.16 20:07 B C:\Documents and Settings\Järjestelmänvalvoja\Työpöytä\pcuf\bottommarquee.gif --> ftp.pcuf.fi /u/users/jpl/public_html/pcuf bottommarquee.gif
2003.08.16 20:07 B C:\Documents and Settings\Järjestelmänvalvoja\Työpöytä\pcuf\buttonbelow.gif --> ftp.pcuf.fi /u/users/jpl/public_html/pcuf buttonbelow.gif
2003.08.16 20:07 B C:\Documents and Settings\Järjestelmänvalvoja\Työpöytä\pcuf\downloads.jpg --> ftp.pcuf.fi /u/users/jpl/public_html/pcuf downloads.jpg
2003.08.16 20:07 B C:\Documents and Settings\Järjestelmänvalvoja\Työpöytä\pcuf\fphover.class --> ftp.pcuf.fi /u/users/jpl/public_html/pcuf fphover.class
2003.08.16 20:07 B C:\Documents and Settings\Järjestelmänvalvoja\Työpöytä\pcuf\fphoverx.class --> ftp.pcuf.fi /u/users/jpl/public_html/pcuf fphoverx.class
2003.08.16 20:07 B C:\Documents and Settings\Järjestelmänvalvoja\Työpöytä\pcuf\hallitus.jpg --> ftp.pcuf.fi /u/users/jpl/public_html/pcuf hallitus.jpg
2003.08.16 20:08 B C:\Documents and Settings\Järjestelmänvalvoja\Työpöytä\pcuf\home.jpg --> ftp.pcuf.fi /u/users/jpl/public_html/pcuf home.jpg
2003.08.16 20:08 B C:\Documents and Settings\Järjestelmänvalvoja\Työpöytä\pcuf\index.html --> ftp.pcuf.fi /u/users/jpl/public_html/pcuf index.html
2003.08.16 20:08 B C:\Documents and Settings\Järjestelmänvalvoja\Työpöytä\pcuf\kayttajatunnus.jpg --> ftp.pcuf.fi /u/users/jpl/public_html/pcuf kayttajatunnus.jpg
2003.08.16 20:08 B C:\Documents and Settings\Järjestelmänvalvoja\Työpöytä\pcuf\leftbg.gif --> ftp.pcuf.fi /u/users/jpl/public_html/pcuf leftbg.gif
2003.08.16 20:08 B C:\Documents and Settings\Järjestelmänvalvoja\Työpöytä\pcuf\leftbutton.gif --> ftp.pcuf.fi /u/users/jpl/public_html/pcuf leftbutton.gif
2003.08.16 20:08 B C:\Documents and Settings\Järjestelmänvalvoja\Työpöytä\pcuf\liity.jpg --> ftp.pcuf.fi /u/users/jpl/public_html/pcuf liity.jpg
2003.08.16 20:08 B C:\Documents and Settings\Järjestelmänvalvoja\Työpöytä\pcuf\links.jpg --> ftp.pcuf.fi /u/users/jpl/public_html/pcuf links.jpg
2003.08.16 20:08 B C:\Documents and Settings\Järjestelmänvalvoja\Työpöytä\pcuf\logo.gif --> ftp.pcuf.fi /u/users/jpl/public_html/pcuf logo.gif
2003.08.16 20:08 B C:\Documents and Settings\Järjestelmänvalvoja\Työpöytä\pcuf\mainbg.gif --> ftp.pcuf.fi /u/users/jpl/public_html/pcuf mainbg.gif
2003.08.16 20:08 B C:\Documents and Settings\Järjestelmänvalvoja\Työpöytä\pcuf\marqueebg.gif --> ftp.pcuf.fi /u/users/jpl/public_html/pcuf marqueebg.gif
2003.08.16 20:08 B C:\Documents and Settings\Järjestelmänvalvoja\Työpöytä\pcuf\news.jpg --> ftp.pcuf.fi /u/users/jpl/public_html/pcuf news.jpg
2003.08.16 20:08 B C:\Documents and Settings\Järjestelmänvalvoja\Työpöytä\pcuf\notext.jpg --> ftp.pcuf.fi /u/users/jpl/public_html/pcuf notext.jpg
2003.08.16 20:08 B C:\Documents and Settings\Järjestelmänvalvoja\Työpöytä\pcuf\pcufkoti.htm --> ftp.pcuf.fi /u/users/jpl/public_html/pcuf pcufkoti.htm
2003.08.16 20:08 B C:\Documents and Settings\Järjestelmänvalvoja\Työpöytä\pcuf\pcufkoti2.htm --> ftp.pcuf.fi /u/users/jpl/public_html/pcuf pcufkoti2.htm
2003.08.16 20:08 B C:\Documents and Settings\Järjestelmänvalvoja\Työpöytä\pcuf\pcufkoti3.htm --> ftp.pcuf.fi /u/users/jpl/public_html/pcuf pcufkoti3.htm
2003.08.16 20:08 B C:\Documents and Settings\Järjestelmänvalvoja\Työpöytä\pcuf\pic.gif --> ftp.pcuf.fi /u/users/jpl/public_html/pcuf pic.gif
2003.08.16 20:08 B C:\Documents and Settings\Järjestelmänvalvoja\Työpöytä\pcuf\samples.jpg --> ftp.pcuf.fi /u/users/jpl/public_html/pcuf samples.jpg
2003.08.16 20:08 B C:\Documents and Settings\Järjestelmänvalvoja\Työpöytä\pcuf\sshselain.jpg --> ftp.pcuf.fi /u/users/jpl/public_html/pcuf sshselain.jpg
2003.08.16 20:08 B C:\Documents and Settings\Järjestelmänvalvoja\Työpöytä\pcuf\style.css --> ftp.pcuf.fi /u/users/jpl/public_html/pcuf style.css
2003.08.16 20:08 B C:\Documents and Settings\Järjestelmänvalvoja\Työpöytä\pcuf\tiedotteet.jpg --> ftp.pcuf.fi /u/users/jpl/public_html/pcuf tiedotteet.jpg
2003.08.16 20:08 B C:\Documents and Settings\Järjestelmänvalvoja\Työpöytä\pcuf\topbuttonbg.jpg --> ftp.pcuf.fi /u/users/jpl/public_html/pcuf topbuttonbg.jpg
2003.08.16 20:08 B C:\Documents and Settings\Järjestelmänvalvoja\Työpöytä\pcuf\topbuttonright.jpg --> ftp.pcuf.fi /u/users/jpl/public_html/pcuf topbuttonright.jpg
2003.08.16 20:08 B C:\Documents and Settings\Järjestelmänvalvoja\Työpöytä\pcuf\verytop.jpg --> ftp.pcuf.fi /u/users/jpl/public_html/pcuf verytop.jpg
